2020-10-15 03:15:54 INFO  Version:44 - HHH000412: Hibernate ORM core version 5.4.21.Final
2020-10-15 03:15:54 INFO  Version:49 - HCANN000001: Hibernate Commons Annotations {5.1.0.Final}
2020-10-15 03:15:54 INFO  Dialect:170 - HHH000400: Using dialect: org.hibernate.dialect.HSQLDialect
2020-10-15 03:15:55 DEBUG SQL:128 - 
    
    drop table if exists coaches CASCADE 
2020-10-15 03:15:55 DEBUG SQL:128 - 
    
    drop table if exists mentors CASCADE 
2020-10-15 03:15:55 DEBUG SQL:128 - 
    
    drop table if exists persons CASCADE 
2020-10-15 03:15:55 DEBUG SQL:128 - 
    
    create table coaches (
       experience integer not null,
        track integer,
        id bigint not null,
        primary key (id)
    )
2020-10-15 03:15:55 DEBUG SQL:128 - 
    
    create table mentors (
       id bigint not null,
        primary key (id)
    )
2020-10-15 03:15:55 DEBUG SQL:128 - 
    
    create table persons (
       id bigint generated by default as identity (start with 1),
        age integer not null,
        name varchar(255),
        primary key (id)
    )
2020-10-15 03:15:55 DEBUG SQL:128 - 
    
    alter table coaches 
       add constraint FK2933li4eqsveu7bbhlhge1a5i 
       foreign key (id) 
       references persons
2020-10-15 03:15:55 DEBUG SQL:128 - 
    
    alter table mentors 
       add constraint FKahwjphup09agelms5rfna7xyc 
       foreign key (id) 
       references persons
2020-10-15 03:15:55 INFO  JtaPlatformInitiator:52 - HHH000490: Using JtaPlatform implementation: [org.hibernate.engine.transaction.jta.platform.internal.NoJtaPlatform]
2020-10-15 03:15:55 DEBUG SQL:128 - 
    insert 
    into
        persons
        (id, age, name) 
    values
        (default, ?, ?)
2020-10-15 03:15:55 INFO  StatisticalLoggingSessionEventListener:258 - Session Metrics {
    178400 nanoseconds spent acquiring 1 JDBC connections;
    0 nanoseconds spent releasing 0 JDBC connections;
    1978300 nanoseconds spent preparing 1 JDBC statements;
    140300 nanoseconds spent executing 1 JDBC statements;
    0 nanoseconds spent executing 0 JDBC batches;
    0 nanoseconds spent performing 0 L2C puts;
    0 nanoseconds spent performing 0 L2C hits;
    0 nanoseconds spent performing 0 L2C misses;
    0 nanoseconds spent executing 0 flushes (flushing a total of 0 entities and 0 collections);
    0 nanoseconds spent executing 0 partial-flushes (flushing a total of 0 entities and 0 collections)
}
2020-10-15 03:15:55 INFO  Dialect:170 - HHH000400: Using dialect: org.hibernate.dialect.HSQLDialect
2020-10-15 03:15:55 DEBUG SQL:128 - 
    
    drop table if exists coaches CASCADE 
2020-10-15 03:15:55 DEBUG SQL:128 - 
    
    drop table if exists mentors CASCADE 
2020-10-15 03:15:55 DEBUG SQL:128 - 
    
    drop table if exists persons CASCADE 
2020-10-15 03:15:55 DEBUG SQL:128 - 
    
    create table coaches (
       experience integer not null,
        track integer,
        id bigint not null,
        primary key (id)
    )
2020-10-15 03:15:55 DEBUG SQL:128 - 
    
    create table mentors (
       id bigint not null,
        primary key (id)
    )
2020-10-15 03:15:55 DEBUG SQL:128 - 
    
    create table persons (
       id bigint generated by default as identity (start with 1),
        age integer not null,
        name varchar(255),
        primary key (id)
    )
2020-10-15 03:15:55 DEBUG SQL:128 - 
    
    alter table coaches 
       add constraint FK2933li4eqsveu7bbhlhge1a5i 
       foreign key (id) 
       references persons
2020-10-15 03:15:55 DEBUG SQL:128 - 
    
    alter table mentors 
       add constraint FKahwjphup09agelms5rfna7xyc 
       foreign key (id) 
       references persons
2020-10-15 03:15:55 INFO  JtaPlatformInitiator:52 - HHH000490: Using JtaPlatform implementation: [org.hibernate.engine.transaction.jta.platform.internal.NoJtaPlatform]
2020-10-15 03:15:55 DEBUG SQL:128 - 
    insert 
    into
        persons
        (id, age, name) 
    values
        (default, ?, ?)
2020-10-15 03:15:55 DEBUG SQL:128 - 
    insert 
    into
        coaches
        (experience, track, id) 
    values
        (?, ?, ?)
2020-10-15 03:15:55 INFO  StatisticalLoggingSessionEventListener:258 - Session Metrics {
    163400 nanoseconds spent acquiring 1 JDBC connections;
    0 nanoseconds spent releasing 0 JDBC connections;
    491000 nanoseconds spent preparing 2 JDBC statements;
    155599 nanoseconds spent executing 2 JDBC statements;
    0 nanoseconds spent executing 0 JDBC batches;
    0 nanoseconds spent performing 0 L2C puts;
    0 nanoseconds spent performing 0 L2C hits;
    0 nanoseconds spent performing 0 L2C misses;
    0 nanoseconds spent executing 0 flushes (flushing a total of 0 entities and 0 collections);
    0 nanoseconds spent executing 0 partial-flushes (flushing a total of 0 entities and 0 collections)
}
2020-10-15 03:15:55 INFO  Dialect:170 - HHH000400: Using dialect: org.hibernate.dialect.HSQLDialect
2020-10-15 03:15:55 DEBUG SQL:128 - 
    
    drop table if exists coaches CASCADE 
2020-10-15 03:15:55 DEBUG SQL:128 - 
    
    drop table if exists mentors CASCADE 
2020-10-15 03:15:55 DEBUG SQL:128 - 
    
    drop table if exists persons CASCADE 
2020-10-15 03:15:55 DEBUG SQL:128 - 
    
    create table coaches (
       experience integer not null,
        track integer,
        id bigint not null,
        primary key (id)
    )
2020-10-15 03:15:55 DEBUG SQL:128 - 
    
    create table mentors (
       id bigint not null,
        primary key (id)
    )
2020-10-15 03:15:55 DEBUG SQL:128 - 
    
    create table persons (
       id bigint generated by default as identity (start with 1),
        age integer not null,
        name varchar(255),
        primary key (id)
    )
2020-10-15 03:15:55 DEBUG SQL:128 - 
    
    alter table coaches 
       add constraint FK2933li4eqsveu7bbhlhge1a5i 
       foreign key (id) 
       references persons
2020-10-15 03:15:55 DEBUG SQL:128 - 
    
    alter table mentors 
       add constraint FKahwjphup09agelms5rfna7xyc 
       foreign key (id) 
       references persons
2020-10-15 03:15:55 INFO  JtaPlatformInitiator:52 - HHH000490: Using JtaPlatform implementation: [org.hibernate.engine.transaction.jta.platform.internal.NoJtaPlatform]
2020-10-15 03:15:55 DEBUG SQL:128 - 
    insert 
    into
        persons
        (id, age, name) 
    values
        (default, ?, ?)
2020-10-15 03:15:55 DEBUG SQL:128 - 
    insert 
    into
        mentors
        (id) 
    values
        (?)
2020-10-15 03:15:55 INFO  StatisticalLoggingSessionEventListener:258 - Session Metrics {
    173500 nanoseconds spent acquiring 1 JDBC connections;
    0 nanoseconds spent releasing 0 JDBC connections;
    403499 nanoseconds spent preparing 2 JDBC statements;
    125900 nanoseconds spent executing 2 JDBC statements;
    0 nanoseconds spent executing 0 JDBC batches;
    0 nanoseconds spent performing 0 L2C puts;
    0 nanoseconds spent performing 0 L2C hits;
    0 nanoseconds spent performing 0 L2C misses;
    0 nanoseconds spent executing 0 flushes (flushing a total of 0 entities and 0 collections);
    0 nanoseconds spent executing 0 partial-flushes (flushing a total of 0 entities and 0 collections)
}
